#
# A fatal error has been detected by the Java Runtime Environment:
#
#  EXCEPTION_ACCESS_VIOLATION (0xc0000005) at pc=0x0000000900000007, pid=2720, tid=16860
#
# JRE version: Java(TM) SE Runtime Environment (7.0_45-b18) (build 1.7.0_45-b18)
# Java VM: Java HotSpot(TM) 64-Bit Server VM (24.45-b08 mixed mode windows-amd64 compressed oops)
# Problematic frame:
# C  0x0000000900000007
#
# Failed to write core dump. Minidumps are not enabled by default on client versions of Windows
#
# If you would like to submit a bug report, please visit:
#   http://bugreport.sun.com/bugreport/crash.jsp
# The crash happened outside the Java Virtual Machine in native code.
# See problematic frame for where to report the bug.
#

---------------  T H R E A D  ---------------

Current thread (0x000000000ac51000):  JavaThread "LWJGL Application" [_thread_in_native, id=16860, stack(0x000000000c890000,0x000000000c990000)]

siginfo: ExceptionCode=0xc0000005, ExceptionInformation=0x0000000000000008 0x0000000900000007

Registers:
RAX=0x000000000071e110, RBX=0x000000000c821f80, RCX=0x000000000071da60, RDX=0x000000000c7a8aa0
RSP=0x000000000c98ec28, RBP=0x000000000c98ecf0, RSI=0x000000000c7a8aa0, RDI=0x000000000c98ecf0
R8 =0x000000000c809930, R9 =0x000000000c98ecf0, R10=0x0000000002033064, R11=0x00000000731df900
R12=0x0000000000000000, R13=0x000000009d2b5598, R14=0x000000000c98ee70, R15=0x000000000ac51000
RIP=0x0000000900000007, EFLAGS=0x0000000000010206

Top of Stack: (sp=0x000000000c98ec28)
0x000000000c98ec28:   000000006559fb64 000000009d26abd9
0x000000000c98ec38:   000000000c98ec78 000000009d26ff00
0x000000000c98ec48:   000000009d3082c0 000000000c809930
0x000000000c98ec58:   000000000c809930 000000000c7a8aa0
0x000000000c98ec68:   000000000c821f80 000000000c98ecf0
0x000000000c98ec78:   000000006559eb69 00000000020260f8
0x000000000c98ec88:   00000000e1632410 000000000c98ec90
0x000000000c98ec98:   000000009d26abd9 000000000c98ece0
0x000000000c98eca8:   000000009d2b5598 000000009d26f9a0
0x000000000c98ecb8:   00000000020260f8 000000000c98edf8
0x000000000c98ecc8:   00000000655a81e1 000000000c98ed38
0x000000000c98ecd8:   00000000020260f8 00000000e1632410
0x000000000c98ece8:   00000000e1632410 000000000071da60
0x000000000c98ecf8:   0000000000000000 3e19999a3f800000
0x000000000c98ed08:   0003000000000000 0000000000000002
0x000000000c98ed18:   fd99208e50ed4530 0000000000000000 

Instructions: (pc=0x0000000900000007)
0x00000008ffffffe7:   
[error occurred during error reporting (printing registers, top of stack, instructions near pc), id 0xc0000005]

Register to memory mapping:

RAX=0x000000000071e110 is an unknown value
RBX=0x000000000c821f80 is an unknown value
RCX=0x000000000071da60 is an unknown value
RDX=0x000000000c7a8aa0 is an unknown value
RSP=0x000000000c98ec28 is pointing into the stack for thread: 0x000000000ac51000
RBP=0x000000000c98ecf0 is pointing into the stack for thread: 0x000000000ac51000
RSI=0x000000000c7a8aa0 is an unknown value
RDI=0x000000000c98ecf0 is pointing into the stack for thread: 0x000000000ac51000
R8 =0x000000000c809930 is an unknown value
R9 =0x000000000c98ecf0 is pointing into the stack for thread: 0x000000000ac51000
R10=0x0000000002033064 is at code_begin+644 in an Interpreter codelet
method entry point (kind = native)  [0x0000000002032de0, 0x0000000002033680]  2208 bytes
R11=0x00000000731df900 is an unknown value
R12=0x0000000000000000 is an unknown value
R13=0x000000009d2b5598 is an oop
{method} 
 - klass: {other class}
R14=0x000000000c98ee70 is pointing into the stack for thread: 0x000000000ac51000
R15=0x000000000ac51000 is a thread


Stack: [0x000000000c890000,0x000000000c990000],  sp=0x000000000c98ec28,  free space=1019k
Native frames: (J=compiled Java code, j=interpreted, Vv=VM code, C=native code)
C  0x0000000900000007

Java frames: (J=compiled Java code, j=interpreted, Vv=VM code)
j  com.badlogic.gdx.physics.box2d.Body.jniCreateFixture(JJFFFZSSS)J+0
j  com.badlogic.gdx.physics.box2d.Body.createFixture(Lcom/badlogic/gdx/physics/box2d/FixtureDef;)Lcom/badlogic/gdx/physics/box2d/Fixture;+49
j  states.Play.createMovingPlatform()V+230
j  states.Play.<init>(Lhandlers/GameStateManager;)V+356
j  handlers.GameStateManager.getState(I)Lstates/GameState;+27
j  handlers.GameStateManager.pushState(I)V+6
j  handlers.GameStateManager.<init>(Lplatformer/Game;)V+23
j  platformer.Game.create()V+197
j  com.badlogic.gdx.backends.lwjgl.LwjglApplication.mainLoop()V+29
j  com.badlogic.gdx.backends.lwjgl.LwjglApplication$1.run()V+27
v  ~StubRoutines::call_stub

---------------  P R O C E S S  ---------------

Java Threads: ( => current thread )
  0x0000000001e62800 JavaThread "DestroyJavaVM" [_thread_blocked, id=7324, stack(0x0000000001cb0000,0x0000000001db0000)]
=>0x000000000ac51000 JavaThread "LWJGL Application" [_thread_in_native, id=16860, stack(0x000000000c890000,0x000000000c990000)]
  0x0000000009050800 JavaThread "Service Thread" daemon [_thread_blocked, id=7040, stack(0x000000000a7c0000,0x000000000a8c0000)]
  0x0000000009049800 JavaThread "C2 CompilerThread1" daemon [_thread_blocked, id=12384, stack(0x000000000a6c0000,0x000000000a7c0000)]
  0x0000000009047800 JavaThread "C2 CompilerThread0" daemon [_thread_in_native, id=12604, stack(0x000000000a5c0000,0x000000000a6c0000)]
  0x0000000009043000 JavaThread "Attach Listener" daemon [_thread_blocked, id=13752, stack(0x000000000a4c0000,0x000000000a5c0000)]
  0x0000000009040000 JavaThread "Signal Dispatcher" daemon [_thread_blocked, id=10796, stack(0x000000000a3c0000,0x000000000a4c0000)]
  0x000000000900f000 JavaThread "Finalizer" daemon [_thread_blocked, id=8700, stack(0x000000000a2c0000,0x000000000a3c0000)]
  0x0000000009003000 JavaThread "Reference Handler" daemon [_thread_blocked, id=36, stack(0x000000000a1c0000,0x000000000a2c0000)]

Other Threads:
  0x0000000009001000 VMThread [stack: 0x000000000a0c0000,0x000000000a1c0000] [id=14312]
  0x000000000906b000 WatcherThread [stack: 0x000000000a8c0000,0x000000000a9c0000] [id=14752]

VM state:not at safepoint (normal execution)

VM Mutex/Monitor currently owned by a thread: None

Heap
 PSYoungGen      total 28672K, used 12657K [0x00000000e0a00000, 0x00000000e2980000, 0x0000000100000000)
  eden space 25088K, 50% used [0x00000000e0a00000,0x00000000e165c418,0x00000000e2280000)
  from space 3584K, 0% used [0x00000000e2600000,0x00000000e2600000,0x00000000e2980000)
  to   space 3584K, 0% used [0x00000000e2280000,0x00000000e2280000,0x00000000e2600000)
 ParOldGen       total 64000K, used 0K [0x00000000a1e00000, 0x00000000a5c80000, 0x00000000e0a00000)
  object space 64000K, 0% used [0x00000000a1e00000,0x00000000a1e00000,0x00000000a5c80000)
 PSPermGen       total 21504K, used 7209K [0x000000009cc00000, 0x000000009e100000, 0x00000000a1e00000)
  object space 21504K, 33% used [0x000000009cc00000,0x000000009d30a4d8,0x000000009e100000)

Card table byte_map: [0x00000000050e0000,0x0000000005400000] byte_map_base: 0x0000000004bfa000

Polling page: 0x0000000000430000

Code Cache  [0x0000000002020000, 0x0000000002290000, 0x0000000005020000)
 total_blobs=468 nmethods=45 adapters=376 free_code_cache=48514Kb largest_free_block=49659264

Compilation events (10 events):
Event: 1.392 Thread 0x0000000009049800   42             com.badlogic.gdx.utils.Array$ArrayIterator::next (66 bytes)
Event: 1.394 Thread 0x0000000009049800 nmethod 42 0x00000000020b8210 code [0x00000000020b8360, 0x00000000020b8438]
Event: 1.394 Thread 0x0000000009049800   43             com.badlogic.gdx.maps.tiled.TiledMapTileSet::getTile (12 bytes)
Event: 1.400 Thread 0x0000000009049800 nmethod 43 0x00000000020bd2d0 code [0x00000000020bd420, 0x00000000020bd798]
Event: 1.400 Thread 0x0000000009049800   44             com.badlogic.gdx.utils.IntMap::get (81 bytes)
Event: 1.408 Thread 0x0000000009049800 nmethod 44 0x00000000020bcc50 code [0x00000000020bcda0, 0x00000000020bd0d8]
Event: 1.408 Thread 0x0000000009049800   45             com.badlogic.gdx.maps.tiled.TmxMapHelper::unsignedByteToInt (6 bytes)
Event: 1.408 Thread 0x0000000009049800 nmethod 45 0x00000000020a2f50 code [0x00000000020a3080, 0x00000000020a30b8]
Event: 1.408 Thread 0x0000000009049800   46             java.util.zip.ZStreamRef::address (5 bytes)
Event: 1.409 Thread 0x0000000009049800 nmethod 46 0x00000000020b2290 code [0x00000000020b23c0, 0x00000000020b2418]

GC Heap History (0 events):
No events

Deoptimization events (0 events):
No events

Internal exceptions (10 events):
Event: 1.408 Thread 0x000000000ac51000 Threw 0x00000000e15aaa80 at C:\re\jdk7u45\229\hotspot\src\share\vm\prims\jvm.cpp:1244
Event: 1.410 Thread 0x000000000ac51000 Threw 0x00000000e15b1440 at C:\re\jdk7u45\229\hotspot\src\share\vm\prims\jvm.cpp:1244
Event: 1.410 Thread 0x000000000ac51000 Threw 0x00000000e15b4630 at C:\re\jdk7u45\229\hotspot\src\share\vm\prims\jvm.cpp:1244
Event: 1.412 Thread 0x000000000ac51000 Threw 0x00000000e15b7838 at C:\re\jdk7u45\229\hotspot\src\share\vm\prims\jvm.cpp:1244
Event: 1.413 Thread 0x000000000ac51000 Threw 0x00000000e15bd130 at C:\re\jdk7u45\229\hotspot\src\share\vm\prims\jvm.cpp:1244
Event: 1.413 Thread 0x000000000ac51000 Threw 0x00000000e15c2548 at C:\re\jdk7u45\229\hotspot\src\share\vm\prims\jvm.cpp:1244
Event: 1.413 Thread 0x000000000ac51000 Threw 0x00000000e15c42f0 at C:\re\jdk7u45\229\hotspot\src\share\vm\prims\jvm.cpp:1244
Event: 1.428 Thread 0x000000000ac51000 Threw 0x00000000e1627918 at C:\re\jdk7u45\229\hotspot\src\share\vm\prims\jvm.cpp:1244
Event: 1.429 Thread 0x000000000ac51000 Threw 0x00000000e162a4d0 at C:\re\jdk7u45\229\hotspot\src\share\vm\prims\jvm.cpp:1244
Event: 1.431 Thread 0x000000000ac51000 Threw 0x00000000e1630248 at C:\re\jdk7u45\229\hotspot\src\share\vm\prims\jvm.cpp:1244

Events (10 events):
Event: 1.413 loading class 0x000000000fc72740
Event: 1.413 loading class 0x000000000fc72740 done
Event: 1.413 loading class 0x000000000fc72540
Event: 1.413 loading class 0x000000000fc72540 done
Event: 1.428 loading class 0x000000000fd16860
Event: 1.428 loading class 0x000000000fd16860 done
Event: 1.429 loading class 0x000000000fd07fa0
Event: 1.429 loading class 0x000000000fd07fa0 done
Event: 1.431 loading class 0x000000000fd080f0
Event: 1.431 loading class 0x000000000fd080f0 done


Dynamic libraries:
0x000007f714da0000 - 0x000007f714dd3000 	C:\Program Files\Java\jdk1.7.0_45\bin\java.exe
0x000007f9daed0000 - 0x000007f9db090000 	C:\Windows\SYSTEM32\ntdll.dll
0x000007f9d9700000 - 0x000007f9d9836000 	C:\Windows\system32\KERNEL32.DLL
0x000007f9d7f00000 - 0x000007f9d7ff3000 	C:\Windows\system32\KERNELBASE.dll
0x000007f9d9c00000 - 0x000007f9d9cde000 	C:\Windows\system32\ADVAPI32.dll
0x000007f9daab0000 - 0x000007f9dabfc000 	C:\Windows\system32\USER32.dll
0x000007f9d5900000 - 0x000007f9d5b6a000 	C:\Windows\WinSxS\amd64_microsoft.windows.common-controls_6595b64144ccf1df_6.0.9200.16579_none_418ab7ef718b27ef\COMCTL32.dll
0x000007f9d99b0000 - 0x000007f9d9a55000 	C:\Windows\system32\msvcrt.dll
0x000007f9da040000 - 0x000007f9da088000 	C:\Windows\SYSTEM32\sechost.dll
0x000007f9da450000 - 0x000007f9da595000 	C:\Windows\system32\RPCRT4.dll
0x000007f9d95b0000 - 0x000007f9d96f1000 	C:\Windows\system32\GDI32.dll
0x000007f9dac00000 - 0x000007f9dac39000 	C:\Windows\system32\IMM32.DLL
0x000007f9d9f20000 - 0x000007f9da036000 	C:\Windows\system32\MSCTF.dll
0x0000000050000000 - 0x00000000500d2000 	C:\Program Files\Java\jdk1.7.0_45\jre\bin\msvcr100.dll
0x0000000073000000 - 0x00000000737c9000 	C:\Program Files\Java\jdk1.7.0_45\jre\bin\server\jvm.dll
0x000007f9cc740000 - 0x000007f9cc749000 	C:\Windows\SYSTEM32\WSOCK32.dll
0x000007f9cc8c0000 - 0x000007f9cc8e0000 	C:\Windows\SYSTEM32\WINMM.dll
0x000007f9da2a0000 - 0x000007f9da2a7000 	C:\Windows\system32\PSAPI.DLL
0x000007f9da240000 - 0x000007f9da298000 	C:\Windows\system32\WS2_32.dll
0x000007f9cc880000 - 0x000007f9cc8b3000 	C:\Windows\SYSTEM32\WINMMBASE.dll
0x000007f9daaa0000 - 0x000007f9daaa9000 	C:\Windows\system32\NSI.dll
0x000007f9d8000000 - 0x000007f9d804f000 	C:\Windows\SYSTEM32\cfgmgr32.dll
0x000007f9d8290000 - 0x000007f9d82b2000 	C:\Windows\system32\DEVOBJ.dll
0x0000000077dd0000 - 0x0000000077ddf000 	C:\Program Files\Java\jdk1.7.0_45\jre\bin\verify.dll
0x0000000077da0000 - 0x0000000077dc8000 	C:\Program Files\Java\jdk1.7.0_45\jre\bin\java.dll
0x0000000077d80000 - 0x0000000077d95000 	C:\Program Files\Java\jdk1.7.0_45\jre\bin\zip.dll
0x0000000065580000 - 0x0000000065613000 	C:\Users\alvarez\AppData\Local\Temp\libgdxalvarez\1d1593b0\gdx64.dll
0x000007f9d7600000 - 0x000007f9d761a000 	C:\Windows\SYSTEM32\CRYPTSP.dll
0x000007f9d7280000 - 0x000007f9d72cb000 	C:\Windows\system32\rsaenh.dll
0x000007f9d7380000 - 0x000007f9d739f000 	C:\Windows\SYSTEM32\USERENV.dll
0x000007f9d7d80000 - 0x000007f9d7d95000 	C:\Windows\SYSTEM32\profapi.dll
0x000007f9d7bc0000 - 0x000007f9d7bca000 	C:\Windows\SYSTEM32\CRYPTBASE.dll
0x000007f9d7b60000 - 0x000007f9d7bbc000 	C:\Windows\SYSTEM32\bcryptPrimitives.dll
0x0000000077b60000 - 0x0000000077b79000 	C:\Program Files\Java\jdk1.7.0_45\jre\bin\net.dll
0x000007f9d75a0000 - 0x000007f9d75fc000 	C:\Windows\system32\mswsock.dll
0x000007f9c7e80000 - 0x000007f9c7e94000 	C:\Windows\system32\napinsp.dll
0x000007f9c7e60000 - 0x000007f9c7e78000 	C:\Windows\system32\pnrpnsp.dll
0x000007f9d6770000 - 0x000007f9d6786000 	C:\Windows\system32\NLAapi.dll
0x000007f9d73e0000 - 0x000007f9d7478000 	C:\Windows\SYSTEM32\DNSAPI.dll
0x000007f9c5c70000 - 0x000007f9c5c82000 	C:\Windows\System32\winrnr.dll
0x000007f9c5c50000 - 0x000007f9c5c64000 	C:\Windows\system32\wshbth.dll
0x000007f9cc260000 - 0x000007f9cc268000 	C:\Windows\System32\rasadhlp.dll
0x000007f9d32c0000 - 0x000007f9d32ea000 	C:\Windows\SYSTEM32\IPHLPAPI.DLL
0x000007f9d32a0000 - 0x000007f9d32aa000 	C:\Windows\SYSTEM32\WINNSI.DLL
0x000007f9d29c0000 - 0x000007f9d2a21000 	C:\Windows\System32\fwpuclnt.dll
0x0000000076b90000 - 0x0000000076ba1000 	C:\Program Files\Java\jdk1.7.0_45\jre\bin\nio.dll
0x0000000180000000 - 0x0000000180051000 	C:\Users\alvarez\AppData\Local\Temp\libgdxalvarez\15a3d019\lwjgl64.dll
0x000007f9bd080000 - 0x000007f9bd19f000 	C:\Windows\SYSTEM32\OPENGL32.dll
0x000007f9d2210000 - 0x000007f9d2219000 	C:\Windows\SYSTEM32\VERSION.dll
0x000007f9bf630000 - 0x000007f9bf65c000 	C:\Windows\SYSTEM32\GLU32.dll
0x000007f9d37b0000 - 0x000007f9d389a000 	C:\Windows\SYSTEM32\DDRAW.dll
0x000007f9d5340000 - 0x000007f9d5348000 	C:\Windows\SYSTEM32\DCIMAN32.dll
0x000000000b1a0000 - 0x000000000b204000 	C:\Users\alvarez\AppData\Local\Temp\libgdxalvarez\15a3d019\OpenAL64.dll
0x000007f9d82c0000 - 0x000007f9d959f000 	C:\Windows\system32\SHELL32.dll
0x000007f9da920000 - 0x000007f9daa9e000 	C:\Windows\system32\ole32.dll
0x000007f9da090000 - 0x000007f9da240000 	C:\Windows\SYSTEM32\combase.dll
0x000007f9d9a60000 - 0x000007f9d9ab0000 	C:\Windows\system32\SHLWAPI.dll
0x000007f9d6f40000 - 0x000007f9d6fd5000 	C:\Windows\SYSTEM32\SHCORE.dll
0x000007f9d6b70000 - 0x000007f9d6c56000 	C:\Windows\system32\uxtheme.dll
0x000007f9b82c0000 - 0x000007f9b8355000 	C:\Program Files\Common Files\microsoft shared\ink\tiptsf.dll
0x000007f9da850000 - 0x000007f9da913000 	C:\Windows\system32\OLEAUT32.dll
0x000007f9d9b60000 - 0x000007f9d9bf6000 	C:\Windows\SYSTEM32\clbcatq.dll
0x000007f9c2a50000 - 0x000007f9c2adb000 	C:\Windows\SYSTEM32\dsound.dll
0x000007f9d7d20000 - 0x000007f9d7d63000 	C:\Windows\SYSTEM32\POWRPROF.dll
0x000007f9bd870000 - 0x000007f9bda9f000 	C:\Program Files\Acer\Acer Power Management\SysHook.dll
0x000007f9d4f20000 - 0x000007f9d4f27000 	C:\Windows\SYSTEM32\MSIMG32.dll
0x000007f9d9ab0000 - 0x000007f9d9b51000 	C:\Windows\system32\COMDLG32.dll
0x000007f9c8f20000 - 0x000007f9c8f9d000 	C:\Windows\SYSTEM32\WINSPOOL.DRV
0x000007f9cc3b0000 - 0x000007f9cc550000 	C:\Windows\WinSxS\amd64_microsoft.windows.gdiplus_6595b64144ccf1df_1.1.9200.16518_none_726fbfe0cc22f012\gdiplus.dll
0x000007f9d3c90000 - 0x000007f9d3cf9000 	C:\Windows\SYSTEM32\OLEACC.dll
0x000007f9d5e10000 - 0x000007f9d5e31000 	C:\Windows\system32\dwmapi.dll
0x000007f9d5460000 - 0x000007f9d54c2000 	C:\Windows\System32\MMDevApi.dll
0x000007f9c8560000 - 0x000007f9c85d2000 	C:\Windows\SYSTEM32\AUDIOSES.DLL
0x0000000071040000 - 0x0000000072a27000 	C:\Windows\SYSTEM32\nvoglv64.dll
0x000007f9d9ce0000 - 0x000007f9d9eb0000 	C:\Windows\system32\SETUPAPI.dll
0x000007f9d8050000 - 0x000007f9d80a5000 	C:\Windows\system32\WINTRUST.dll
0x000007f9d80b0000 - 0x000007f9d8281000 	C:\Windows\system32\CRYPT32.dll
0x000007f9d7e30000 - 0x000007f9d7e46000 	C:\Windows\system32\MSASN1.dll
0x000007f9d2470000 - 0x000007f9d249e000 	C:\Windows\SYSTEM32\ntmarta.dll
0x000007f9c8b20000 - 0x000007f9c8bb1000 	C:\Windows\SYSTEM32\mscms.dll
0x000007f9bf5f0000 - 0x000007f9bf630000 	C:\Windows\SYSTEM32\icm32.dll
0x000007f9d41d0000 - 0x000007f9d4e1e000 	C:\Windows\system32\igd10umd64.dll
0x000007f9d3580000 - 0x000007f9d36e3000 	C:\Windows\SYSTEM32\dbghelp.dll

VM Arguments:
jvm_args: -Dfile.encoding=UTF-8 
java_command: platformer.Platformer
Launcher Type: SUN_STANDARD

Environment Variables:
PATH=C:\Program Files (x86)\iis express\PHP\v5.3;C:\Program Files (x86)\NVIDIA Corporation\PhysX\Common;C:\Program Files (x86)\Intel\iCLS Client\;C:\Program Files\Intel\iCLS Client\;C:\Windows\system32;C:\Windows;C:\Windows\System32\Wbem;C:\Windows\System32\WindowsPowerShell\v1.0\;C:\Program Files (x86)\Intel\OpenCL SDK\2.0\bin\x86;C:\Program Files (x86)\Intel\OpenCL SDK\2.0\bin\x64;C:\Program Files\Intel\Intel(R) Management Engine Components\DAL;C:\Program Files\Intel\Intel(R) Management Engine Components\IPT;C:\Program Files (x86)\Intel\Intel(R) Management Engine Components\DAL;C:\Program Files (x86)\Intel\Intel(R) Management Engine Components\IPT;c:\altera\90sp2\quartus\bin;C:\Program Files (x86)\MySQL\MySQL Utilities 1.3.4\;c:\Program Files (x86)\Microsoft SQL Server\100\Tools\Binn\;c:\Program Files\Microsoft SQL Server\100\Tools\Binn\;c:\Program Files\Microsoft SQL Server\100\DTS\Binn\;C:\Program Files (x86)\Git\cmd;C:\Users\alvarez\Desktop\ECE 352\modelsim_ase\win32aloem;C:\Program Files (x86)\nodejs\;C:\Program Files (x86)\Windows Kits\8.1\Windows Performance Toolkit\;C:\Program Files\Microsoft SQL Server\110\Tools\Binn\;C:\Ruby193\bin;C:\Users\alvarez\Desktop\ECE 352\modelsim_ase\win32aloem;C:\Users\alvarez\AppData\Roaming\npm
USERNAME=alvarez
OS=Windows_NT
PROCESSOR_IDENTIFIER=Intel64 Family 6 Model 58 Stepping 9, GenuineIntel



---------------  S Y S T E M  ---------------

OS: Windows 8 , 64 bit Build 9200 

CPU:total 4 (2 cores per cpu, 2 threads per core) family 6 model 58 stepping 9, cmov, cx8, fxsr, mmx, sse, sse2, sse3, ssse3, sse4.1, sse4.2, popcnt, avx, aes, erms, ht, tsc, tscinvbit, tscinv

Memory: 4k page, physical 6163732k(2308040k free), swap 25038100k(18953748k free)

vm_info: Java HotSpot(TM) 64-Bit Server VM (24.45-b08) for windows-amd64 JRE (1.7.0_45-b18), built on Oct  8 2013 05:47:22 by "java_re" with unknown MS VC++:1600

time: Wed Apr 09 14:37:18 2014
elapsed time: 1 seconds

